#
# There is insufficient memory for the Java Runtime Environment to continue.
# Native memory allocation (mmap) failed to map 150994944 bytes for committing reserved memory.
# Possible reasons:
#   The system is out of physical RAM or swap space
#   The process is running with CompressedOops enabled, and the Java Heap may be blocking the growth of the native heap
# Possible solutions:
#   Reduce memory load on the system
#   Increase physical memory or swap space
#   Check if swap backing store is full
#   Decrease Java heap size (-Xmx/-Xms)
#   Decrease number of Java threads
#   Decrease Java thread stack sizes (-Xss)
#   Set larger code cache with -XX:ReservedCodeCacheSize=
#   JVM is running with Unscaled Compressed Oops mode in which the Java heap is
#     placed in the first 4GB address space. The Java Heap base address is the
#     maximum limit for the native heap growth. Please use -XX:HeapBaseMinAddress
#     to set the Java Heap base and to place the Java Heap above 4GB virtual address.
# This output file may be truncated or incomplete.
#
#  Out of Memory Error (os_linux.cpp:2749), pid=27176, tid=0x00007fcdfd585700
#
# JRE version: Java(TM) SE Runtime Environment (8.0_201-b09) (build 1.8.0_201-b09)
# Java VM: Java HotSpot(TM) 64-Bit Server VM (25.201-b09 mixed mode linux-amd64 compressed oops)
# Failed to write core dump. Core dumps have been disabled. To enable core dumping, try "ulimit -c unlimited" before starting Java again
#

---------------  T H R E A D  ---------------

Current thread (0x00007fce10079800):  VMThread [stack: 0x00007fcdfd486000,0x00007fcdfd586000] [id=27188]

Stack: [0x00007fcdfd486000,0x00007fcdfd586000],  sp=0x00007fcdfd5843d0,  free space=1016k
Native frames: (J=compiled Java code, j=interpreted, Vv=VM code, C=native code)
V  [libjvm.so+0xad3525]  VMError::report_and_die()+0x2e5
V  [libjvm.so+0x4e0457]  report_vm_out_of_memory(char const*, int, unsigned long, VMErrorType, char const*)+0x67
V  [libjvm.so+0x9102f0]  os::pd_commit_memory(char*, unsigned long, unsigned long, bool)+0x100
V  [libjvm.so+0x90791f]  os::commit_memory(char*, unsigned long, unsigned long, bool)+0x1f
V  [libjvm.so+0x98c806]  PSVirtualSpace::expand_by(unsigned long)+0x56
V  [libjvm.so+0x97badb]  PSOldGen::expand_by(unsigned long) [clone .part.28]+0x1b
V  [libjvm.so+0x97bc98]  PSOldGen::expand(unsigned long) [clone .part.29]+0xa8
V  [libjvm.so+0x97c841]  PSOldGen::resize(unsigned long)+0xe1
V  [libjvm.so+0x98297c]  PSParallelCompact::invoke_no_policy(bool) [clone .part.118]+0xa2c
V  [libjvm.so+0x98a795]  PSScavenge::invoke()+0x215
V  [libjvm.so+0x93a318]  ParallelScavengeHeap::failed_mem_allocate(unsigned long)+0x68
V  [libjvm.so+0xad5073]  VM_ParallelGCFailedAllocation::doit()+0x93
V  [libjvm.so+0xada296]  VM_Operation::evaluate()+0x46
V  [libjvm.so+0xad85cd]  VMThread::evaluate_operation(VM_Operation*) [clone .constprop.44]+0xcd
V  [libjvm.so+0xad8bb3]  VMThread::loop()+0x3a3
V  [libjvm.so+0xad8f88]  VMThread::run()+0x78
V  [libjvm.so+0x90d922]  java_start(Thread*)+0x102

VM_Operation (0x00007fce16235690): ParallelGCFailedAllocation, mode: safepoint, requested by thread 0x00007fce1000b000


---------------  P R O C E S S  ---------------

Java Threads: ( => current thread )
  0x00007fce100ec000 JavaThread "Service Thread" daemon [_thread_blocked, id=27195, stack(0x00007fcdfc3af000,0x00007fcdfc4b0000)]
  0x00007fce100bf000 JavaThread "C1 CompilerThread2" daemon [_thread_blocked, id=27194, stack(0x00007fcdfc4b1000,0x00007fcdfc5b1000)]
  0x00007fce100bd000 JavaThread "C2 CompilerThread1" daemon [_thread_blocked, id=27193, stack(0x00007fcdfc5b2000,0x00007fcdfc6b2000)]
  0x00007fce100ba000 JavaThread "C2 CompilerThread0" daemon [_thread_blocked, id=27192, stack(0x00007fcdfc6b3000,0x00007fcdfc7b3000)]
  0x00007fce100b8800 JavaThread "Signal Dispatcher" daemon [_thread_blocked, id=27191, stack(0x00007fcdfc7b3000,0x00007fcdfc8b4000)]
  0x00007fce10085800 JavaThread "Finalizer" daemon [_thread_blocked, id=27190, stack(0x00007fcdfd283000,0x00007fcdfd384000)]
  0x00007fce10083000 JavaThread "Reference Handler" daemon [_thread_blocked, id=27189, stack(0x00007fcdfd384000,0x00007fcdfd485000)]
  0x00007fce1000b000 JavaThread "main" [_thread_blocked, id=27178, stack(0x00007fce16137000,0x00007fce16237000)]

Other Threads:
=>0x00007fce10079800 VMThread [stack: 0x00007fcdfd486000,0x00007fcdfd586000] [id=27188]
  0x00007fce100ef000 WatcherThread [stack: 0x00007fcdfc2af000,0x00007fcdfc3af000] [id=27196]

VM state:at safepoint (normal execution)

VM Mutex/Monitor currently owned by a thread:  ([mutex/lock_event])
[0x00007fce10007370] ExpandHeap_lock - owner thread: 0x00007fce10079800
[0x00007fce100079f0] Threads_lock - owner thread: 0x00007fce10079800
[0x00007fce10007ef0] Heap_lock - owner thread: 0x00007fce1000b000

heap address: 0x0000000085800000, size: 1960 MB, Compressed Oops mode: 32-bit
Narrow klass base: 0x0000000000000000, Narrow klass shift: 3
Compressed class space size: 1073741824 Address: 0x0000000100000000

Heap:
 PSYoungGen      total 445952K, used 0K [0x00000000d7300000, 0x0000000100000000, 0x0000000100000000)
  eden space 223232K, 0% used [0x00000000d7300000,0x00000000d7300000,0x00000000e4d00000)
  from space 222720K, 0% used [0x00000000f2680000,0x00000000f2680000,0x0000000100000000)
  to   space 222720K, 0% used [0x00000000e4d00000,0x00000000e4d00000,0x00000000f2680000)
 ParOldGen       total 250880K, used 169605K [0x0000000085800000, 0x0000000094d00000, 0x00000000d7300000)
  object space 250880K, 67% used [0x0000000085800000,0x000000008fda15b8,0x0000000094d00000)
 Metaspace       used 2622K, capacity 4564K, committed 4864K, reserved 1056768K
  class space    used 274K, capacity 388K, committed 512K, reserved 1048576K

Card table byte_map: [0x00007fcdff9cf000,0x00007fcdffda4000] byte_map_base: 0x00007fcdff5a3000

Marking Bits: (ParMarkBitMap*) 0x00007fce155ded80
 Begin Bits: [0x00007fcdec2c0000, 0x00007fcdee160000)
 End Bits:   [0x00007fcdee160000, 0x00007fcdf0000000)

Polling page: 0x00007fce1624e000

CodeCache: size=245760Kb used=1687Kb max_used=1687Kb free=244072Kb
 bounds [0x00007fce00164000, 0x00007fce003d4000, 0x00007fce0f164000]
 total_blobs=392 nmethods=154 adapters=153
 compilation: enabled

Compilation events (10 events):
Event: 7.691 Thread 0x00007fce100bf000  150       3       java.io.OutputStream::flush (1 bytes)
Event: 7.691 Thread 0x00007fce100bf000 nmethod 150 0x00007fce002f8910 code [0x00007fce002f8a60, 0x00007fce002f8bb0]
Event: 7.691 Thread 0x00007fce100bf000  151       3       java.nio.Buffer::remaining (10 bytes)
Event: 7.691 Thread 0x00007fce100bf000 nmethod 151 0x00007fce002f7450 code [0x00007fce002f75a0, 0x00007fce002f76f0]
Event: 7.691 Thread 0x00007fce100bf000  152       3       java.nio.Buffer::hasRemaining (17 bytes)
Event: 7.691 Thread 0x00007fce100bf000 nmethod 152 0x00007fce002f70d0 code [0x00007fce002f7240, 0x00007fce002f73f0]
Event: 7.693 Thread 0x00007fce100bf000  153       3       sun.misc.FDBigInteger::multBy10 (178 bytes)
Event: 7.694 Thread 0x00007fce100bf000 nmethod 153 0x00007fce003012d0 code [0x00007fce003014e0, 0x00007fce00301e38]
Event: 7.694 Thread 0x00007fce100bf000  154       3       java.lang.StringBuilder::toString (17 bytes)
Event: 7.695 Thread 0x00007fce100bf000 nmethod 154 0x00007fce002f14d0 code [0x00007fce002f1640, 0x00007fce002f1828]

GC Heap History (10 events):
Event: 5.949 GC heap after
Heap after GC invocations=15 (full 3):
 PSYoungGen      total 331776K, used 142752K [0x00000000d7300000, 0x00000000f8380000, 0x0000000100000000)
  eden space 171008K, 0% used [0x00000000d7300000,0x00000000d7300000,0x00000000e1a00000)
  from space 160768K, 88% used [0x00000000ec680000,0x00000000f51e8020,0x00000000f6380000)
  to   space 176640K, 0% used [0x00000000e1a00000,0x00000000e1a00000,0x00000000ec680000)
 ParOldGen       total 250880K, used 75293K [0x0000000085800000, 0x0000000094d00000, 0x00000000d7300000)
  object space 250880K, 30% used [0x0000000085800000,0x000000008a1874c0,0x0000000094d00000)
 Metaspace       used 2617K, capacity 4564K, committed 4864K, reserved 1056768K
  class space    used 274K, capacity 388K, committed 512K, reserved 1048576K
}
Event: 6.514 GC heap before
{Heap before GC invocations=16 (full 3):
 PSYoungGen      total 331776K, used 313760K [0x00000000d7300000, 0x00000000f8380000, 0x0000000100000000)
  eden space 171008K, 100% used [0x00000000d7300000,0x00000000e1a00000,0x00000000e1a00000)
  from space 160768K, 88% used [0x00000000ec680000,0x00000000f51e8020,0x00000000f6380000)
  to   space 176640K, 0% used [0x00000000e1a00000,0x00000000e1a00000,0x00000000ec680000)
 ParOldGen       total 250880K, used 75293K [0x0000000085800000, 0x0000000094d00000, 0x00000000d7300000)
  object space 250880K, 30% used [0x0000000085800000,0x000000008a1874c0,0x0000000094d00000)
 Metaspace       used 2620K, capacity 4564K, committed 4864K, reserved 1056768K
  class space    used 274K, capacity 388K, committed 512K, reserved 1048576K
Event: 6.633 GC heap after
Heap after GC invocations=16 (full 3):
 PSYoungGen      total 347648K, used 138976K [0x00000000d7300000, 0x00000000fb400000, 0x0000000100000000)
  eden space 171008K, 0% used [0x00000000d7300000,0x00000000d7300000,0x00000000e1a00000)
  from space 176640K, 78% used [0x00000000e1a00000,0x00000000ea1b8020,0x00000000ec680000)
  to   space 187904K, 0% used [0x00000000efc80000,0x00000000efc80000,0x00000000fb400000)
 ParOldGen       total 250880K, used 75301K [0x0000000085800000, 0x0000000094d00000, 0x00000000d7300000)
  object space 250880K, 30% used [0x0000000085800000,0x000000008a1894c0,0x0000000094d00000)
 Metaspace       used 2620K, capacity 4564K, committed 4864K, reserved 1056768K
  class space    used 274K, capacity 388K, committed 512K, reserved 1048576K
}
Event: 7.036 GC heap before
{Heap before GC invocations=17 (full 3):
 PSYoungGen      total 347648K, used 309984K [0x00000000d7300000, 0x00000000fb400000, 0x0000000100000000)
  eden space 171008K, 100% used [0x00000000d7300000,0x00000000e1a00000,0x00000000e1a00000)
  from space 176640K, 78% used [0x00000000e1a00000,0x00000000ea1b8020,0x00000000ec680000)
  to   space 187904K, 0% used [0x00000000efc80000,0x00000000efc80000,0x00000000fb400000)
 ParOldGen       total 250880K, used 75301K [0x0000000085800000, 0x0000000094d00000, 0x00000000d7300000)
  object space 250880K, 30% used [0x0000000085800000,0x000000008a1894c0,0x0000000094d00000)
 Metaspace       used 2620K, capacity 4564K, committed 4864K, reserved 1056768K
  class space    used 274K, capacity 388K, committed 512K, reserved 1048576K
Event: 7.406 GC heap after
Heap after GC invocations=17 (full 3):
 PSYoungGen      total 368128K, used 187872K [0x00000000d7300000, 0x00000000ffc80000, 0x0000000100000000)
  eden space 180224K, 0% used [0x00000000d7300000,0x00000000d7300000,0x00000000e2300000)
  from space 187904K, 99% used [0x00000000efc80000,0x00000000fb3f8020,0x00000000fb400000)
  to   space 222720K, 0% used [0x00000000e2300000,0x00000000e2300000,0x00000000efc80000)
 ParOldGen       total 250880K, used 141229K [0x0000000085800000, 0x0000000094d00000, 0x00000000d7300000)
  object space 250880K, 56% used [0x0000000085800000,0x000000008e1eb4c0,0x0000000094d00000)
 Metaspace       used 2620K, capacity 4564K, committed 4864K, reserved 1056768K
  class space    used 274K, capacity 388K, committed 512K, reserved 1048576K
}
Event: 7.898 GC heap before
{Heap before GC invocations=18 (full 3):
 PSYoungGen      total 368128K, used 368096K [0x00000000d7300000, 0x00000000ffc80000, 0x0000000100000000)
  eden space 180224K, 100% used [0x00000000d7300000,0x00000000e2300000,0x00000000e2300000)
  from space 187904K, 99% used [0x00000000efc80000,0x00000000fb3f8020,0x00000000fb400000)
  to   space 222720K, 0% used [0x00000000e2300000,0x00000000e2300000,0x00000000efc80000)
 ParOldGen       total 250880K, used 141229K [0x0000000085800000, 0x0000000094d00000, 0x00000000d7300000)
  object space 250880K, 56% used [0x0000000085800000,0x000000008e1eb4c0,0x0000000094d00000)
 Metaspace       used 2622K, capacity 4564K, committed 4864K, reserved 1056768K
  class space    used 274K, capacity 388K, committed 512K, reserved 1048576K
Event: 8.062 GC heap after
Heap after GC invocations=18 (full 3):
 PSYoungGen      total 402944K, used 185792K [0x00000000d7300000, 0x0000000100000000, 0x0000000100000000)
  eden space 180224K, 0% used [0x00000000d7300000,0x00000000d7300000,0x00000000e2300000)
  from space 222720K, 83% used [0x00000000e2300000,0x00000000ed870020,0x00000000efc80000)
  to   space 222720K, 0% used [0x00000000f2680000,0x00000000f2680000,0x0000000100000000)
 ParOldGen       total 250880K, used 141229K [0x0000000085800000, 0x0000000094d00000, 0x00000000d7300000)
  object space 250880K, 56% used [0x0000000085800000,0x000000008e1eb4c0,0x0000000094d00000)
 Metaspace       used 2622K, capacity 4564K, committed 4864K, reserved 1056768K
  class space    used 274K, capacity 388K, committed 512K, reserved 1048576K
}
Event: 8.567 GC heap before
{Heap before GC invocations=19 (full 3):
 PSYoungGen      total 402944K, used 366016K [0x00000000d7300000, 0x0000000100000000, 0x0000000100000000)
  eden space 180224K, 100% used [0x00000000d7300000,0x00000000e2300000,0x00000000e2300000)
  from space 222720K, 83% used [0x00000000e2300000,0x00000000ed870020,0x00000000efc80000)
  to   space 222720K, 0% used [0x00000000f2680000,0x00000000f2680000,0x0000000100000000)
 ParOldGen       total 250880K, used 141229K [0x0000000085800000, 0x0000000094d00000, 0x00000000d7300000)
  object space 250880K, 56% used [0x0000000085800000,0x000000008e1eb4c0,0x0000000094d00000)
 Metaspace       used 2622K, capacity 4564K, committed 4864K, reserved 1056768K
  class space    used 274K, capacity 388K, committed 512K, reserved 1048576K
Event: 8.948 GC heap after
Heap after GC invocations=19 (full 3):
 PSYoungGen      total 445952K, used 222688K [0x00000000d7300000, 0x0000000100000000, 0x0000000100000000)
  eden space 223232K, 0% used [0x00000000d7300000,0x00000000d7300000,0x00000000e4d00000)
  from space 222720K, 99% used [0x00000000f2680000,0x00000000ffff8010,0x0000000100000000)
  to   space 222720K, 0% used [0x00000000e4d00000,0x00000000e4d00000,0x00000000f2680000)
 ParOldGen       total 250880K, used 208965K [0x0000000085800000, 0x0000000094d00000, 0x00000000d7300000)
  object space 250880K, 83% used [0x0000000085800000,0x00000000924114d0,0x0000000094d00000)
 Metaspace       used 2622K, capacity 4564K, committed 4864K, reserved 1056768K
  class space    used 274K, capacity 388K, committed 512K, reserved 1048576K
}
Event: 8.950 GC heap before
{Heap before GC invocations=20 (full 4):
 PSYoungGen      total 445952K, used 222688K [0x00000000d7300000, 0x0000000100000000, 0x0000000100000000)
  eden space 223232K, 0% used [0x00000000d7300000,0x00000000d7300000,0x00000000e4d00000)
  from space 222720K, 99% used [0x00000000f2680000,0x00000000ffff8010,0x0000000100000000)
  to   space 222720K, 0% used [0x00000000e4d00000,0x00000000e4d00000,0x00000000f2680000)
 ParOldGen       total 250880K, used 208965K [0x0000000085800000, 0x0000000094d00000, 0x00000000d7300000)
  object space 250880K, 83% used [0x0000000085800000,0x00000000924114d0,0x0000000094d00000)
 Metaspace       used 2622K, capacity 4564K, committed 4864K, reserved 1056768K
  class space    used 274K, capacity 388K, committed 512K, reserved 1048576K

Deoptimization events (10 events):
Event: 1.219 Thread 0x00007fce1000b000 Uncommon trap: reason=unstable_if action=reinterpret pc=0x00007fce00281fcc method=random_number.Display.display(Ljava/util/Hashtable;)V @ 177
Event: 3.086 Thread 0x00007fce1000b000 Uncommon trap: reason=unstable_if action=reinterpret pc=0x00007fce002c39e8 method=java.util.ArrayList.grow(I)V @ 15
Event: 3.193 Thread 0x00007fce1000b000 Uncommon trap: reason=unstable_if action=reinterpret pc=0x00007fce002bfd4c method=java.util.ArrayList.grow(I)V @ 15
Event: 3.200 Thread 0x00007fce1000b000 Uncommon trap: reason=unstable_if action=reinterpret pc=0x00007fce0027d7e0 method=java.util.ArrayList.grow(I)V @ 15
Event: 3.589 Thread 0x00007fce1000b000 Uncommon trap: reason=unstable_if action=reinterpret pc=0x00007fce00280ac4 method=java.util.ArrayList.grow(I)V @ 15
Event: 5.607 Thread 0x00007fce1000b000 Uncommon trap: reason=unstable_if action=reinterpret pc=0x00007fce002ecea4 method=random_number.SeparateChainingMultiplication.MultiplicationChainning()Ljava/util/Hashtable; @ 136
Event: 6.362 Thread 0x00007fce1000b000 Uncommon trap: reason=unstable_if action=reinterpret pc=0x00007fce002f4aa4 method=java.lang.StrictMath.floorOrCeil(DDDD)D @ 8
Event: 6.362 Thread 0x00007fce1000b000 Uncommon trap: reason=unstable_if action=reinterpret pc=0x00007fce002e0a68 method=java.lang.StrictMath.floorOrCeil(DDDD)D @ 8
Event: 6.362 Thread 0x00007fce1000b000 Uncommon trap: reason=unstable_if action=reinterpret pc=0x00007fce002cfc1c method=java.lang.StrictMath.floorOrCeil(DDDD)D @ 8
Event: 6.975 Thread 0x00007fce1000b000 Uncommon trap: reason=unstable_if action=reinterpret pc=0x00007fce002fb510 method=java.lang.StrictMath.floorOrCeil(DDDD)D @ 8

Classes redefined (0 events):
No events

Internal exceptions (2 events):
Event: 0.046 Thread 0x00007fce1000b000 Exception <a 'java/lang/NoSuchMethodError': Method sun.misc.Unsafe.defineClass(Ljava/lang/String;[BII)Ljava/lang/Class; name or signature does not match> (0x00000000d7307cb0) thrown at [/HUDSON/workspace/8-2-build-linux-amd64/jdk8u201/12317/hotspot/src/sh
Event: 0.046 Thread 0x00007fce1000b000 Exception <a 'java/lang/NoSuchMethodError': Method sun.misc.Unsafe.prefetchRead(Ljava/lang/Object;J)V name or signature does not match> (0x00000000d7307f98) thrown at [/HUDSON/workspace/8-2-build-linux-amd64/jdk8u201/12317/hotspot/src/share/vm/prims/jni.c

Events (10 events):
Event: 6.975 Thread 0x00007fce1000b000 Uncommon trap: trap_request=0xffffff65 fr.pc=0x00007fce002fb510
Event: 6.975 Thread 0x00007fce1000b000 DEOPT PACKING pc=0x00007fce002fb510 sp=0x00007fce16235830
Event: 6.975 Thread 0x00007fce1000b000 DEOPT UNPACKING pc=0x00007fce001a973a sp=0x00007fce16235648 mode 2
Event: 7.036 Executing VM operation: ParallelGCFailedAllocation
Event: 7.406 Executing VM operation: ParallelGCFailedAllocation done
Event: 7.696 Thread 0x00007fce1000b000 DEOPT PACKING pc=0x00007fce0030ab08 sp=0x00007fce162357e0
Event: 7.696 Thread 0x00007fce1000b000 DEOPT UNPACKING pc=0x00007fce001ab784 sp=0x00007fce162355c8 mode 0
Event: 7.898 Executing VM operation: ParallelGCFailedAllocation
Event: 8.062 Executing VM operation: ParallelGCFailedAllocation done
Event: 8.567 Executing VM operation: ParallelGCFailedAllocation


Dynamic libraries:
00400000-00401000 r-xp 00000000 08:07 2896670                            /usr/lib/jvm/java-8-oracle/bin/java
00600000-00601000 r--p 00000000 08:07 2896670                            /usr/lib/jvm/java-8-oracle/bin/java
00601000-00602000 rw-p 00001000 08:07 2896670                            /usr/lib/jvm/java-8-oracle/bin/java
016e1000-01702000 rw-p 00000000 00:00 0                                  [heap]
85800000-94d00000 rw-p 00000000 00:00 0 
9dd00000-d7300000 ---p 00000000 00:00 0 
d7300000-100000000 rw-p 00000000 00:00 0 
100000000-100080000 rw-p 00000000 00:00 0 
100080000-140000000 ---p 00000000 00:00 0 
7fcdc0000000-7fcdc0021000 rw-p 00000000 00:00 0 
7fcdc0021000-7fcdc4000000 ---p 00000000 00:00 0 
7fcdc8000000-7fcdc8067000 rw-p 00000000 00:00 0 
7fcdc8067000-7fcdcc000000 ---p 00000000 00:00 0 
7fcdcc000000-7fcdcc021000 rw-p 00000000 00:00 0 
7fcdcc021000-7fcdd0000000 ---p 00000000 00:00 0 
7fcdd0000000-7fcdd035c000 rw-p 00000000 00:00 0 
7fcdd035c000-7fcdd4000000 ---p 00000000 00:00 0 
7fcdd4000000-7fcdd41d6000 rw-p 00000000 00:00 0 
7fcdd41d6000-7fcdd8000000 ---p 00000000 00:00 0 
7fcdd8000000-7fcdd8021000 rw-p 00000000 00:00 0 
7fcdd8021000-7fcddc000000 ---p 00000000 00:00 0 
7fcddc000000-7fcddc021000 rw-p 00000000 00:00 0 
7fcddc021000-7fcde0000000 ---p 00000000 00:00 0 
7fcde0000000-7fcde0021000 rw-p 00000000 00:00 0 
7fcde0021000-7fcde4000000 ---p 00000000 00:00 0 
7fcde4000000-7fcde4021000 rw-p 00000000 00:00 0 
7fcde4021000-7fcde8000000 ---p 00000000 00:00 0 
7fcde8000000-7fcde8021000 rw-p 00000000 00:00 0 
7fcde8021000-7fcdec000000 ---p 00000000 00:00 0 
7fcdec2c0000-7fcdf0000000 rw-p 00000000 00:00 0 
7fcdf0000000-7fcdf0021000 rw-p 00000000 00:00 0 
7fcdf0021000-7fcdf4000000 ---p 00000000 00:00 0 
7fcdf4000000-7fcdf4021000 rw-p 00000000 00:00 0 
7fcdf4021000-7fcdf8000000 ---p 00000000 00:00 0 
7fcdf8000000-7fcdf8021000 rw-p 00000000 00:00 0 
7fcdf8021000-7fcdfc000000 ---p 00000000 00:00 0 
7fcdfc019000-7fcdfc2ae000 rw-p 00000000 00:00 0 
7fcdfc2ae000-7fcdfc2af000 ---p 00000000 00:00 0 
7fcdfc2af000-7fcdfc3af000 rw-p 00000000 00:00 0 
7fcdfc3af000-7fcdfc3b2000 ---p 00000000 00:00 0 
7fcdfc3b2000-7fcdfc4b0000 rw-p 00000000 00:00 0 
7fcdfc4b0000-7fcdfc4b1000 ---p 00000000 00:00 0 
7fcdfc4b1000-7fcdfc4b4000 ---p 00000000 00:00 0 
7fcdfc4b4000-7fcdfc5b1000 rw-p 00000000 00:00 0 
7fcdfc5b1000-7fcdfc5b2000 ---p 00000000 00:00 0 
7fcdfc5b2000-7fcdfc5b5000 ---p 00000000 00:00 0 
7fcdfc5b5000-7fcdfc6b2000 rw-p 00000000 00:00 0 
7fcdfc6b2000-7fcdfc6b3000 ---p 00000000 00:00 0 
7fcdfc6b3000-7fcdfc6b6000 ---p 00000000 00:00 0 
7fcdfc6b6000-7fcdfc7b3000 rw-p 00000000 00:00 0 
7fcdfc7b3000-7fcdfc7b6000 ---p 00000000 00:00 0 
7fcdfc7b6000-7fcdfc8b4000 rw-p 00000000 00:00 0 
7fcdfc8b4000-7fcdfd283000 r--p 00000000 08:07 2896069                    /usr/lib/locale/locale-archive
7fcdfd283000-7fcdfd286000 ---p 00000000 00:00 0 
7fcdfd286000-7fcdfd384000 rw-p 00000000 00:00 0 
7fcdfd384000-7fcdfd387000 ---p 00000000 00:00 0 
7fcdfd387000-7fcdfd485000 rw-p 00000000 00:00 0 
7fcdfd485000-7fcdfd486000 ---p 00000000 00:00 0 
7fcdfd486000-7fcdfe519000 rw-p 00000000 00:00 0 
7fcdfe519000-7fcdfe6f3000 r--s 03d6f000 08:07 2896384                    /usr/lib/jvm/java-8-oracle/jre/lib/rt.jar
7fcdfe6f3000-7fcdfeba9000 rw-p 00000000 00:00 0 
7fcdfeba9000-7fcdfef69000 ---p 00000000 00:00 0 
7fcdfef69000-7fcdff33d000 rw-p 00000000 00:00 0 
7fcdff33d000-7fcdff33e000 ---p 00000000 00:00 0 
7fcdff33e000-7fcdff43e000 rw-p 00000000 00:00 0 
7fcdff43e000-7fcdff43f000 ---p 00000000 00:00 0 
7fcdff43f000-7fcdff53f000 rw-p 00000000 00:00 0 
7fcdff53f000-7fcdff540000 ---p 00000000 00:00 0 
7fcdff540000-7fcdff640000 rw-p 00000000 00:00 0 
7fcdff640000-7fcdff641000 ---p 00000000 00:00 0 
7fcdff641000-7fcdff7bc000 rw-p 00000000 00:00 0 
7fcdff7bc000-7fcdff9cf000 ---p 00000000 00:00 0 
7fcdff9cf000-7fcdffa4a000 rw-p 00000000 00:00 0 
7fcdffa4a000-7fcdffc5c000 ---p 00000000 00:00 0 
7fcdffc5c000-7fcdffda3000 rw-p 00000000 00:00 0 
7fcdffda3000-7fcdffdae000 rw-p 00000000 00:00 0 
7fcdffdae000-7fce00164000 ---p 00000000 00:00 0 
7fce00164000-7fce003d4000 rwxp 00000000 00:00 0 
7fce003d4000-7fce0f164000 ---p 00000000 00:00 0 
7fce0f164000-7fce0f17f000 r-xp 00000000 08:07 2896597                    /usr/lib/jvm/java-8-oracle/jre/lib/amd64/libzip.so
7fce0f17f000-7fce0f37e000 ---p 0001b000 08:07 2896597                    /usr/lib/jvm/java-8-oracle/jre/lib/amd64/libzip.so
7fce0f37e000-7fce0f37f000 r--p 0001a000 08:07 2896597                    /usr/lib/jvm/java-8-oracle/jre/lib/amd64/libzip.so
7fce0f37f000-7fce0f380000 rw-p 0001b000 08:07 2896597                    /usr/lib/jvm/java-8-oracle/jre/lib/amd64/libzip.so
7fce0f380000-7fce0f38b000 r-xp 00000000 08:07 2368991                    /lib/x86_64-linux-gnu/libnss_files-2.27.so
7fce0f38b000-7fce0f58a000 ---p 0000b000 08:07 2368991                    /lib/x86_64-linux-gnu/libnss_files-2.27.so
7fce0f58a000-7fce0f58b000 r--p 0000a000 08:07 2368991                    /lib/x86_64-linux-gnu/libnss_files-2.27.so
7fce0f58b000-7fce0f58c000 rw-p 0000b000 08:07 2368991                    /lib/x86_64-linux-gnu/libnss_files-2.27.so
7fce0f58c000-7fce0f592000 rw-p 00000000 00:00 0 
7fce0f592000-7fce0f5a9000 r-xp 00000000 08:07 2368985                    /lib/x86_64-linux-gnu/libnsl-2.27.so
7fce0f5a9000-7fce0f7a8000 ---p 00017000 08:07 2368985                    /lib/x86_64-linux-gnu/libnsl-2.27.so
7fce0f7a8000-7fce0f7a9000 r--p 00016000 08:07 2368985                    /lib/x86_64-linux-gnu/libnsl-2.27.so
7fce0f7a9000-7fce0f7aa000 rw-p 00017000 08:07 2368985                    /lib/x86_64-linux-gnu/libnsl-2.27.so
7fce0f7aa000-7fce0f7ac000 rw-p 00000000 00:00 0 
7fce0f7ac000-7fce0f7b7000 r-xp 00000000 08:07 2369002                    /lib/x86_64-linux-gnu/libnss_nis-2.27.so
7fce0f7b7000-7fce0f9b6000 ---p 0000b000 08:07 2369002                    /lib/x86_64-linux-gnu/libnss_nis-2.27.so
7fce0f9b6000-7fce0f9b7000 r--p 0000a000 08:07 2369002                    /lib/x86_64-linux-gnu/libnss_nis-2.27.so
7fce0f9b7000-7fce0f9b8000 rw-p 0000b000 08:07 2369002                    /lib/x86_64-linux-gnu/libnss_nis-2.27.so
7fce0f9b8000-7fce0f9c0000 r-xp 00000000 08:07 2368987                    /lib/x86_64-linux-gnu/libnss_compat-2.27.so
7fce0f9c0000-7fce0fbc0000 ---p 00008000 08:07 2368987                    /lib/x86_64-linux-gnu/libnss_compat-2.27.so
7fce0fbc0000-7fce0fbc1000 r--p 00008000 08:07 2368987                    /lib/x86_64-linux-gnu/libnss_compat-2.27.so
7fce0fbc1000-7fce0fbc2000 rw-p 00009000 08:07 2368987                    /lib/x86_64-linux-gnu/libnss_compat-2.27.so
7fce0fbc2000-7fce0fbee000 r-xp 00000000 08:07 2896591                    /usr/lib/jvm/java-8-oracle/jre/lib/amd64/libjava.so
7fce0fbee000-7fce0fdee000 ---p 0002c000 08:07 2896591                    /usr/lib/jvm/java-8-oracle/jre/lib/amd64/libjava.so
7fce0fdee000-7fce0fdef000 r--p 0002c000 08:07 2896591                    /usr/lib/jvm/java-8-oracle/jre/lib/amd64/libjava.so
7fce0fdef000-7fce0fdf1000 rw-p 0002d000 08:07 2896591                    /usr/lib/jvm/java-8-oracle/jre/lib/amd64/libjava.so
7fce0fdf1000-7fce0fdfe000 r-xp 00000000 08:07 2896596                    /usr/lib/jvm/java-8-oracle/jre/lib/amd64/libverify.so
7fce0fdfe000-7fce0fffd000 ---p 0000d000 08:07 2896596                    /usr/lib/jvm/java-8-oracle/jre/lib/amd64/libverify.so
7fce0fffd000-7fce0ffff000 r--p 0000c000 08:07 2896596                    /usr/lib/jvm/java-8-oracle/jre/lib/amd64/libverify.so
7fce0ffff000-7fce10000000 rw-p 0000e000 08:07 2896596                    /usr/lib/jvm/java-8-oracle/jre/lib/amd64/libverify.so
7fce10000000-7fce1011a000 rw-p 00000000 00:00 0 
7fce1011a000-7fce14000000 ---p 00000000 00:00 0 
7fce1401e000-7fce1406d000 rw-p 00000000 00:00 0 
7fce1406d000-7fce14074000 r-xp 00000000 08:07 2369042                    /lib/x86_64-linux-gnu/librt-2.27.so
7fce14074000-7fce14273000 ---p 00007000 08:07 2369042                    /lib/x86_64-linux-gnu/librt-2.27.so
7fce14273000-7fce14274000 r--p 00006000 08:07 2369042                    /lib/x86_64-linux-gnu/librt-2.27.so
7fce14274000-7fce14275000 rw-p 00007000 08:07 2369042                    /lib/x86_64-linux-gnu/librt-2.27.so
7fce14275000-7fce14412000 r-xp 00000000 08:07 2368964                    /lib/x86_64-linux-gnu/libm-2.27.so
7fce14412000-7fce14611000 ---p 0019d000 08:07 2368964                    /lib/x86_64-linux-gnu/libm-2.27.so
7fce14611000-7fce14612000 r--p 0019c000 08:07 2368964                    /lib/x86_64-linux-gnu/libm-2.27.so
7fce14612000-7fce14613000 rw-p 0019d000 08:07 2368964                    /lib/x86_64-linux-gnu/libm-2.27.so
7fce14613000-7fce152fb000 r-xp 00000000 08:07 2896573                    /usr/lib/jvm/java-8-oracle/jre/lib/amd64/server/libjvm.so
7fce152fb000-7fce154fa000 ---p 00ce8000 08:07 2896573                    /usr/lib/jvm/java-8-oracle/jre/lib/amd64/server/libjvm.so
7fce154fa000-7fce15590000 r--p 00ce7000 08:07 2896573                    /usr/lib/jvm/java-8-oracle/jre/lib/amd64/server/libjvm.so
7fce15590000-7fce155c1000 rw-p 00d7d000 08:07 2896573                    /usr/lib/jvm/java-8-oracle/jre/lib/amd64/server/libjvm.so
7fce155c1000-7fce155fc000 rw-p 00000000 00:00 0 
7fce155fc000-7fce157e3000 r-xp 00000000 08:07 2368901                    /lib/x86_64-linux-gnu/libc-2.27.so
7fce157e3000-7fce159e3000 ---p 001e7000 08:07 2368901                    /lib/x86_64-linux-gnu/libc-2.27.so
7fce159e3000-7fce159e7000 r--p 001e7000 08:07 2368901                    /lib/x86_64-linux-gnu/libc-2.27.so
7fce159e7000-7fce159e9000 rw-p 001eb000 08:07 2368901                    /lib/x86_64-linux-gnu/libc-2.27.so
7fce159e9000-7fce159ed000 rw-p 00000000 00:00 0 
7fce159ed000-7fce159f0000 r-xp 00000000 08:07 2368924                    /lib/x86_64-linux-gnu/libdl-2.27.so
7fce159f0000-7fce15bef000 ---p 00003000 08:07 2368924                    /lib/x86_64-linux-gnu/libdl-2.27.so
7fce15bef000-7fce15bf0000 r--p 00002000 08:07 2368924                    /lib/x86_64-linux-gnu/libdl-2.27.so
7fce15bf0000-7fce15bf1000 rw-p 00003000 08:07 2368924                    /lib/x86_64-linux-gnu/libdl-2.27.so
7fce15bf1000-7fce15c08000 r-xp 00000000 08:07 2896163                    /usr/lib/jvm/java-8-oracle/lib/amd64/jli/libjli.so
7fce15c08000-7fce15e07000 ---p 00017000 08:07 2896163                    /usr/lib/jvm/java-8-oracle/lib/amd64/jli/libjli.so
7fce15e07000-7fce15e08000 r--p 00016000 08:07 2896163                    /usr/lib/jvm/java-8-oracle/lib/amd64/jli/libjli.so
7fce15e08000-7fce15e09000 rw-p 00017000 08:07 2896163                    /usr/lib/jvm/java-8-oracle/lib/amd64/jli/libjli.so
7fce15e09000-7fce15e23000 r-xp 00000000 08:07 2369034                    /lib/x86_64-linux-gnu/libpthread-2.27.so
7fce15e23000-7fce16022000 ---p 0001a000 08:07 2369034                    /lib/x86_64-linux-gnu/libpthread-2.27.so
7fce16022000-7fce16023000 r--p 00019000 08:07 2369034                    /lib/x86_64-linux-gnu/libpthread-2.27.so
7fce16023000-7fce16024000 rw-p 0001a000 08:07 2369034                    /lib/x86_64-linux-gnu/libpthread-2.27.so
7fce16024000-7fce16028000 rw-p 00000000 00:00 0 
7fce16028000-7fce1604f000 r-xp 00000000 08:07 2368873                    /lib/x86_64-linux-gnu/ld-2.27.so
7fce1606b000-7fce16136000 rw-p 00000000 00:00 0 
7fce16136000-7fce16137000 ---p 00000000 00:00 0 
7fce16137000-7fce1613a000 ---p 00000000 00:00 0 
7fce1613a000-7fce1623b000 rw-p 00000000 00:00 0 
7fce16245000-7fce1624d000 rw-s 00000000 08:07 1448082                    /tmp/hsperfdata_adnan/27176
7fce1624d000-7fce1624e000 rw-p 00000000 00:00 0 
7fce1624e000-7fce1624f000 ---p 00000000 00:00 0 
7fce1624f000-7fce16250000 r--p 00027000 08:07 2368873                    /lib/x86_64-linux-gnu/ld-2.27.so
7fce16250000-7fce16251000 rw-p 00028000 08:07 2368873                    /lib/x86_64-linux-gnu/ld-2.27.so
7fce16251000-7fce16252000 rw-p 00000000 00:00 0 
7ffe50ea3000-7ffe50ec4000 rw-p 00000000 00:00 0                          [stack]
7ffe50f2f000-7ffe50f32000 r--p 00000000 00:00 0                          [vvar]
7ffe50f32000-7ffe50f34000 r-xp 00000000 00:00 0                          [vdso]
ffffffffff600000-ffffffffff601000 r-xp 00000000 00:00 0                  [vsyscall]

VM Arguments:
jvm_args: -Dfile.encoding=UTF-8 
java_command: random_number.Main
java_class_path (initial): /home/adnan/eclipse-workspace/CSCI_323/bin
Launcher Type: SUN_STANDARD

Environment Variables:
JAVA_HOME=/usr/lib/jvm/java-8-oracle
PATH=/usr/local/sbin:/usr/local/bin:/usr/sbin:/usr/bin:/sbin:/bin:/usr/games:/usr/local/games:/snap/bin:/usr/lib/jvm/java-8-oracle/bin:/usr/lib/jvm/java-8-oracle/db/bin:/usr/lib/jvm/java-8-oracle/jre/bin
USERNAME=adnan
SHELL=/bin/bash
DISPLAY=:0

Signal Handlers:
SIGSEGV: [libjvm.so+0xad3e60], sa_mask[0]=11111111011111111101111111111110, sa_flags=SA_RESTART|SA_SIGINFO
SIGBUS: [libjvm.so+0xad3e60], sa_mask[0]=11111111011111111101111111111110, sa_flags=SA_RESTART|SA_SIGINFO
SIGFPE: [libjvm.so+0x90b880], sa_mask[0]=11111111011111111101111111111110, sa_flags=SA_RESTART|SA_SIGINFO
SIGPIPE: [libjvm.so+0x90b880], sa_mask[0]=11111111011111111101111111111110, sa_flags=SA_RESTART|SA_SIGINFO
SIGXFSZ: [libjvm.so+0x90b880], sa_mask[0]=11111111011111111101111111111110, sa_flags=SA_RESTART|SA_SIGINFO
SIGILL: [libjvm.so+0x90b880], sa_mask[0]=11111111011111111101111111111110, sa_flags=SA_RESTART|SA_SIGINFO
SIGUSR1: SIG_DFL, sa_mask[0]=00000000000000000000000000000000, sa_flags=none
SIGUSR2: [libjvm.so+0x90b750], sa_mask[0]=00100000000000000000000000000000, sa_flags=SA_RESTART|SA_SIGINFO
SIGHUP: [libjvm.so+0x90bd70], sa_mask[0]=11111111011111111101111111111110, sa_flags=SA_RESTART|SA_SIGINFO
SIGINT: [libjvm.so+0x90bd70], sa_mask[0]=11111111011111111101111111111110, sa_flags=SA_RESTART|SA_SIGINFO
SIGTERM: [libjvm.so+0x90bd70], sa_mask[0]=11111111011111111101111111111110, sa_flags=SA_RESTART|SA_SIGINFO
SIGQUIT: [libjvm.so+0x90bd70], sa_mask[0]=11111111011111111101111111111110, sa_flags=SA_RESTART|SA_SIGINFO


---------------  S Y S T E M  ---------------

OS:DISTRIB_ID=Ubuntu
DISTRIB_RELEASE=18.04
DISTRIB_CODENAME=bionic
DISTRIB_DESCRIPTION="Ubuntu 18.04.2 LTS"

uname:Linux 4.15.0-45-generic #48-Ubuntu SMP Tue Jan 29 16:28:13 UTC 2019 x86_64
libc:glibc 2.27 NPTL 2.27 
rlimit: STACK 8192k, CORE 0k, NPROC 30207, NOFILE 1048576, AS infinity
load average:2.93 2.72 2.46

/proc/meminfo:
MemTotal:        8022116 kB
MemFree:          105168 kB
MemAvailable:       2792 kB
Buffers:             628 kB
Cached:           310072 kB
SwapCached:         7824 kB
Active:          6587904 kB
Inactive:         833532 kB
Active(anon):    6578692 kB
Inactive(anon):   822576 kB
Active(file):       9212 kB
Inactive(file):    10956 kB
Unevictable:        1304 kB
Mlocked:            1304 kB
SwapTotal:       3999740 kB
SwapFree:              0 kB
Dirty:               100 kB
Writeback:             0 kB
AnonPages:       7105212 kB
Mapped:           171748 kB
Shmem:            290444 kB
Slab:             160964 kB
SReclaimable:      50896 kB
SUnreclaim:       110068 kB
KernelStack:       27568 kB
PageTables:       169004 kB
NFS_Unstable:          0 kB
Bounce:                0 kB
WritebackTmp:          0 kB
CommitLimit:     8010796 kB
Committed_AS:   29646312 kB
VmallocTotal:   34359738367 kB
VmallocUsed:           0 kB
VmallocChunk:          0 kB
HardwareCorrupted:     0 kB
AnonHugePages:         0 kB
ShmemHugePages:        0 kB
ShmemPmdMapped:        0 kB
CmaTotal:              0 kB
CmaFree:               0 kB
HugePages_Total:       0
HugePages_Free:        0
HugePages_Rsvd:        0
HugePages_Surp:        0
Hugepagesize:       2048 kB
DirectMap4k:      872100 kB
DirectMap2M:     7370752 kB
DirectMap1G:     1048576 kB

container (cgroup) information:
container_type: cgroupv1
cpu_cpuset_cpus: 0-3
cpu_memory_nodes: 0
active_processor_count: 4
cpu_quota: -1
cpu_period: 100000
cpu_shares: -1
memory_limit_in_bytes: -1
memory_and_swap_limit_in_bytes: -2
memory_soft_limit_in_bytes: -1
memory_usage_in_bytes: 7601127424
memory_max_usage_in_bytes: 62836736


CPU:total 4 (initial active 4) (2 cores per cpu, 2 threads per core) family 6 model 78 stepping 3, cmov, cx8, fxsr, mmx, sse, sse2, sse3, ssse3, sse4.1, sse4.2, popcnt, avx, avx2, aes, clmul, erms, 3dnowpref, lzcnt, ht, tsc, tscinvbit, bmi1, bmi2, adx

/proc/cpuinfo:
processor	: 0
vendor_id	: GenuineIntel
cpu family	: 6
model		: 78
model name	: Intel(R) Core(TM) i7-6500U CPU @ 2.50GHz
stepping	: 3
microcode	: 0xc6
cpu MHz		: 2823.124
cache size	: 4096 KB
physical id	: 0
siblings	: 4
core id		: 0
cpu cores	: 2
apicid		: 0
initial apicid	: 0
fpu		: yes
fpu_exception	: yes
cpuid level	: 22
wp		: yes
flags		: fpu vme de pse tsc msr pae mce cx8 apic sep mtrr pge mca cmov pat pse36 clflush dts acpi mmx fxsr sse sse2 ss ht tm pbe syscall nx pdpe1gb rdtscp lm constant_tsc art arch_perfmon pebs bts rep_good nopl xtopology nonstop_tsc cpuid aperfmperf tsc_known_freq pni pclmulqdq dtes64 monitor ds_cpl vmx est tm2 ssse3 sdbg fma cx16 xtpr pdcm pcid sse4_1 sse4_2 x2apic movbe popcnt tsc_deadline_timer aes xsave avx f16c rdrand lahf_lm abm 3dnowprefetch cpuid_fault epb invpcid_single pti ssbd ibrs ibpb stibp tpr_shadow vnmi flexpriority ept vpid fsgsbase tsc_adjust bmi1 avx2 smep bmi2 erms invpcid mpx rdseed adx smap clflushopt intel_pt xsaveopt xsavec xgetbv1 xsaves dtherm ida arat pln pts hwp hwp_notify hwp_act_window hwp_epp flush_l1d
bugs		: cpu_meltdown spectre_v1 spectre_v2 spec_store_bypass l1tf
bogomips	: 5184.00
clflush size	: 64
cache_alignment	: 64
address sizes	: 39 bits physical, 48 bits virtual
power management:

processor	: 1
vendor_id	: GenuineIntel
cpu family	: 6
model		: 78
model name	: Intel(R) Core(TM) i7-6500U CPU @ 2.50GHz
stepping	: 3
microcode	: 0xc6
cpu MHz		: 2827.898
cache size	: 4096 KB
physical id	: 0
siblings	: 4
core id		: 1
cpu cores	: 2
apicid		: 2
initial apicid	: 2
fpu		: yes
fpu_exception	: yes
cpuid level	: 22
wp		: yes
flags		: fpu vme de pse tsc msr pae mce cx8 apic sep mtrr pge mca cmov pat pse36 clflush dts acpi mmx fxsr sse sse2 ss ht tm pbe syscall nx pdpe1gb rdtscp lm constant_tsc art arch_perfmon pebs bts rep_good nopl xtopology nonstop_tsc cpuid aperfmperf tsc_known_freq pni pclmulqdq dtes64 monitor ds_cpl vmx est tm2 ssse3 sdbg fma cx16 xtpr pdcm pcid sse4_1 sse4_2 x2apic movbe popcnt tsc_deadline_timer aes xsave avx f16c rdrand lahf_lm abm 3dnowprefetch cpuid_fault epb invpcid_single pti ssbd ibrs ibpb stibp tpr_shadow vnmi flexpriority ept vpid fsgsbase tsc_adjust bmi1 avx2 smep bmi2 erms invpcid mpx rdseed adx smap clflushopt intel_pt xsaveopt xsavec xgetbv1 xsaves dtherm ida arat pln pts hwp hwp_notify hwp_act_window hwp_epp flush_l1d
bugs		: cpu_meltdown spectre_v1 spectre_v2 spec_store_bypass l1tf
bogomips	: 5184.00
clflush size	: 64
cache_alignment	: 64
address sizes	: 39 bits physical, 48 bits virtual
power management:

processor	: 2
vendor_id	: GenuineIntel
cpu family	: 6
model		: 78
model name	: Intel(R) Core(TM) i7-6500U CPU @ 2.50GHz
stepping	: 3
microcode	: 0xc6
cpu MHz		: 2825.359
cache size	: 4096 KB
physical id	: 0
siblings	: 4
core id		: 0
cpu cores	: 2
apicid		: 1
initial apicid	: 1
fpu		: yes
fpu_exception	: yes
cpuid level	: 22
wp		: yes
flags		: fpu vme de pse tsc msr pae mce cx8 apic sep mtrr pge mca cmov pat pse36 clflush dts acpi mmx fxsr sse sse2 ss ht tm pbe syscall nx pdpe1gb rdtscp lm constant_tsc art arch_perfmon pebs bts rep_good nopl xtopology nonstop_tsc cpuid aperfmperf tsc_known_freq pni pclmulqdq dtes64 monitor ds_cpl vmx est tm2 ssse3 sdbg fma cx16 xtpr pdcm pcid sse4_1 sse4_2 x2apic movbe popcnt tsc_deadline_timer aes xsave avx f16c rdrand lahf_lm abm 3dnowprefetch cpuid_fault epb invpcid_single pti ssbd ibrs ibpb stibp tpr_shadow vnmi flexpriority ept vpid fsgsbase tsc_adjust bmi1 avx2 smep bmi2 erms invpcid mpx rdseed adx smap clflushopt intel_pt xsaveopt xsavec xgetbv1 xsaves dtherm ida arat pln pts hwp hwp_notify hwp_act_window hwp_epp flush_l1d
bugs		: cpu_meltdown spectre_v1 spectre_v2 spec_store_bypass l1tf
bogomips	: 5184.00
clflush size	: 64
cache_alignment	: 64
address sizes	: 39 bits physical, 48 bits virtual
power management:

processor	: 3
vendor_id	: GenuineIntel
cpu family	: 6
model		: 78
model name	: Intel(R) Core(TM) i7-6500U CPU @ 2.50GHz
stepping	: 3
microcode	: 0xc6
cpu MHz		: 2833.429
cache size	: 4096 KB
physical id	: 0
siblings	: 4
core id		: 1
cpu cores	: 2
apicid		: 3
initial apicid	: 3
fpu		: yes
fpu_exception	: yes
cpuid level	: 22
wp		: yes
flags		: fpu vme de pse tsc msr pae mce cx8 apic sep mtrr pge mca cmov pat pse36 clflush dts acpi mmx fxsr sse sse2 ss ht tm pbe syscall nx pdpe1gb rdtscp lm constant_tsc art arch_perfmon pebs bts rep_good nopl xtopology nonstop_tsc cpuid aperfmperf tsc_known_freq pni pclmulqdq dtes64 monitor ds_cpl vmx est tm2 ssse3 sdbg fma cx16 xtpr pdcm pcid sse4_1 sse4_2 x2apic movbe popcnt tsc_deadline_timer aes xsave avx f16c rdrand lahf_lm abm 3dnowprefetch cpuid_fault epb invpcid_single pti ssbd ibrs ibpb stibp tpr_shadow vnmi flexpriority ept vpid fsgsbase tsc_adjust bmi1 avx2 smep bmi2 erms invpcid mpx rdseed adx smap clflushopt intel_pt xsaveopt xsavec xgetbv1 xsaves dtherm ida arat pln pts hwp hwp_notify hwp_act_window hwp_epp flush_l1d
bugs		: cpu_meltdown spectre_v1 spectre_v2 spec_store_bypass l1tf
bogomips	: 5184.00
clflush size	: 64
cache_alignment	: 64
address sizes	: 39 bits physical, 48 bits virtual
power management:



Memory: 4k page, physical 8022116k(104648k free), swap 3999740k(0k free)

vm_info: Java HotSpot(TM) 64-Bit Server VM (25.201-b09) for linux-amd64 JRE (1.8.0_201-b09), built on Dec 15 2018 11:35:59 by "java_re" with gcc 7.3.0

time: Sun Feb 17 11:47:03 2019
timezone: EST
elapsed time: 10 seconds (0d 0h 0m 10s)

